<?xml version="1.0" encoding="UTF-8"?>
<!-- Generated by org.testng.reporters.JUnitReportReporter -->
<testsuite hostname="Abhijith" failures="0" tests="1" name="jenkins.DemoJenkins" time="5.267" errors="0" timestamp="2024-03-07T10:16:06 IST" skipped="0">
  <testcase classname="jenkins.DemoJenkins" name="demo" time="5.267">
    <system-out>
      <![CDATA[demo web shop launched]]>
    </system-out>
  </testcase> <!-- demo -->
  <system-out>
    <![CDATA[demo web shop launched]]>
  </system-out>
</testsuite> <!-- jenkins.DemoJenkins -->
